!ERROR: java.lang.NullPointerException
	at org.eclipse.core.runtime.Path.makeRelativeTo(Path.java:931)
	at com.ti.ccstudio.project.core.internal.initializer.CCSConfigurationInitializer.computeImportTargetPath(CCSConfigurationInitializer.java:1485)
	at com.ti.ccstudio.project.core.internal.initializer.CCSConfigurationInitializer.postProcessDeviceSourceFiles(CCSConfigurationInitializer.java:1324)
	at com.ti.ccstudio.project.core.internal.initializer.CCSConfigurationInitializer.doPostInitialize(CCSConfigurationInitializer.java:194)
	at com.ti.common.project.core.internal.initializer.AConfigurationInitializer.internalPostInitialize(AConfigurationInitializer.java:333)
	at com.ti.common.project.core.internal.initializer.AConfigurationInitializer.initializeFromExisting(AConfigurationInitializer.java:189)
	at com.ti.common.project.ui.internal.properties.ConfigurationPropertiesPage.saveConfiguration(ConfigurationPropertiesPage.java:374)
	at com.ti.ccstudio.project.ui.internal.properties.GeneralSettingsPage.saveConfiguration(GeneralSettingsPage.java:1391)
	at com.ti.common.project.ui.internal.properties.ConfigurationPropertiesPage.forEach(ConfigurationPropertiesPage.java:327)
	at org.eclipse.cdt.ui.newui.AbstractPage$5.sendOK(AbstractPage.java:658)
	at org.eclipse.cdt.ui.newui.AbstractPage$5.run(AbstractPage.java:690)
	at org.eclipse.ui.actions.WorkspaceModifyDelegatingOperation.execute(WorkspaceModifyDelegatingOperation.java:71)
	at org.eclipse.ui.actions.WorkspaceModifyOperation.lambda$0(WorkspaceModifyOperation.java:110)
	at org.eclipse.core.internal.resources.Workspace.run(Workspace.java:2292)
	at org.eclipse.core.internal.resources.Workspace.run(Workspace.java:2317)
	at org.eclipse.ui.actions.WorkspaceModifyOperation.run(WorkspaceModifyOperation.java:131)
	at org.eclipse.jface.operation.ModalContext.runInCurrentThread(ModalContext.java:436)
	at org.eclipse.jface.operation.ModalContext.run(ModalContext.java:352)
	at org.eclipse.jface.dialogs.ProgressMonitorDialog.run(ProgressMonitorDialog.java:468)
	at org.eclipse.ui.internal.progress.ProgressManager$RunnableWithStatus.run(ProgressManager.java:1117)
	at org.eclipse.swt.custom.BusyIndicator.showWhile(BusyIndicator.java:74)
	at org.eclipse.ui.internal.progress.ProgressManager.lambda$27(ProgressManager.java:996)
	at org.eclipse.swt.widgets.Synchronizer.syncExec(Synchronizer.java:236)
	at org.eclipse.ui.internal.UISynchronizer.syncExec(UISynchronizer.java:133)
	at org.eclipse.swt.widgets.Display.syncExec(Display.java:4742)
	at org.eclipse.ui.internal.progress.ProgressManager.runInUI(ProgressManager.java:996)
	at org.eclipse.cdt.ui.newui.AbstractPage.performSave(AbstractPage.java:706)
	at org.eclipse.cdt.ui.newui.AbstractPage.performOk(AbstractPage.java:580)
	at com.ti.common.project.ui.internal.properties.BasePropertiesPage.performOk(BasePropertiesPage.java:135)
	at com.ti.ccstudio.project.ui.internal.properties.GeneralSettingsPage.performOk(GeneralSettingsPage.java:1409)
	at org.eclipse.jface.preference.PreferenceDialog$7.run(PreferenceDialog.java:905)
	at org.eclipse.core.runtime.SafeRunner.run(SafeRunner.java:45)
	at org.eclipse.jface.util.SafeRunnable.run(SafeRunnable.java:174)
	at org.eclipse.jface.preference.PreferenceDialog.okPressed(PreferenceDialog.java:889)
	at org.eclipse.ui.internal.dialogs.FilteredPreferenceDialog.okPressed(FilteredPreferenceDialog.java:461)
	at org.eclipse.jface.preference.PreferenceDialog.buttonPressed(PreferenceDialog.java:233)
	at org.eclipse.jface.dialogs.Dialog.lambda$0(Dialog.java:619)
	at org.eclipse.swt.events.SelectionListener$1.widgetSelected(SelectionListener.java:84)
	at org.eclipse.swt.widgets.TypedListener.handleEvent(TypedListener.java:252)
	at org.eclipse.swt.widgets.EventTable.sendEvent(EventTable.java:89)
	at org.eclipse.swt.widgets.Display.sendEvent(Display.java:4209)
	at org.eclipse.swt.widgets.Widget.sendEvent(Widget.java:1043)
	at org.eclipse.swt.widgets.Display.runDeferredEvents(Display.java:4026)
	at org.eclipse.swt.widgets.Display.readAndDispatch(Display.java:3626)
	at org.eclipse.jface.window.Window.runEventLoop(Window.java:823)
	at org.eclipse.jface.window.Window.open(Window.java:799)
	at org.eclipse.ui.dialogs.PropertyDialogAction.run(PropertyDialogAction.java:153)
	at org.eclipse.jface.action.Action.runWithEvent(Action.java:474)
	at org.eclipse.jface.action.ActionContributionItem.handleWidgetSelection(ActionContributionItem.java:580)
	at org.eclipse.jface.action.ActionContributionItem.lambda$4(ActionContributionItem.java:414)
	at org.eclipse.swt.widgets.EventTable.sendEvent(EventTable.java:89)
	at org.eclipse.swt.widgets.Display.sendEvent(Display.java:4209)
	at org.eclipse.swt.widgets.Widget.sendEvent(Widget.java:1043)
	at org.eclipse.swt.widgets.Display.runDeferredEvents(Display.java:4026)
	at org.eclipse.swt.widgets.Display.readAndDispatch(Display.java:3626)
	at org.eclipse.e4.ui.internal.workbench.swt.PartRenderingEngine$5.run(PartRenderingEngine.java:1157)
	at org.eclipse.core.databinding.observable.Realm.runWithDefault(Realm.java:338)
	at org.eclipse.e4.ui.internal.workbench.swt.PartRenderingEngine.run(PartRenderingEngine.java:1046)
	at org.eclipse.e4.ui.internal.workbench.E4Workbench.createAndRunUI(E4Workbench.java:155)
	at org.eclipse.ui.internal.Workbench.lambda$3(Workbench.java:644)
	at org.eclipse.core.databinding.observable.Realm.runWithDefault(Realm.java:338)
	at org.eclipse.ui.internal.Workbench.createAndRunWorkbench(Workbench.java:551)
	at org.eclipse.ui.PlatformUI.createAndRunWorkbench(PlatformUI.java:156)
	at org.eclipse.ui.internal.ide.application.IDEApplication.start(IDEApplication.java:152)
	at org.eclipse.equinox.internal.app.EclipseAppHandle.run(EclipseAppHandle.java:203)
	at org.eclipse.core.runtime.internal.adaptor.EclipseAppLauncher.runApplication(EclipseAppLauncher.java:134)
	at org.eclipse.core.runtime.internal.adaptor.EclipseAppLauncher.start(EclipseAppLauncher.java:104)
	at org.eclipse.core.runtime.adaptor.EclipseStarter.run(EclipseStarter.java:401)
	at org.eclipse.core.runtime.adaptor.EclipseStarter.run(EclipseStarter.java:255)
	at java.base/jdk.internal.reflect.NativeMethodAccessorImpl.invoke0(Native Method)
	at java.base/jdk.internal.reflect.NativeMethodAccessorImpl.invoke(Unknown Source)
	at java.base/jdk.internal.reflect.DelegatingMethodAccessorImpl.invoke(Unknown Source)
	at java.base/java.lang.reflect.Method.invoke(Unknown Source)
	at org.eclipse.equinox.launcher.Main.invokeFramework(Main.java:653)
	at org.eclipse.equinox.launcher.Main.basicRun(Main.java:590)
	at org.eclipse.equinox.launcher.Main.run(Main.java:1461)


