
**** Build of configuration Debug for project DriverLibrary ****

"C:\\ti\\ccs1110\\ccs\\utils\\bin\\gmake" -k -j 8 all -O 
 
Building file: "../dma.c"
Invoking: ARM Compiler
"C:/ti/ccs1110/ccs/tools/compiler/ti-cgt-arm_20.2.5.LTS/bin/armcl" -mv7M4 --code_state=16 --float_support=FPv4SPD16 -me --include_path="C:/ti/ccs1110/ccs/ccs_base/arm/include" --include_path="C:/ti/ccs1110/ccs/ccs_base/arm/include/CMSIS" --include_path="C:/Users/Student/workspace_v11/DriverLibrary" --include_path="C:/ti/ccs1110/ccs/tools/compiler/ti-cgt-arm_20.2.5.LTS/include" --advice:power=all --define=__MSP432P401R__ --define=ccs -g --gcc --diag_warning=225 --diag_wrap=off --display_error_number --abi=eabi --preproc_with_compile --preproc_dependency="dma.d_raw"  "../dma.c"
 
>> Compilation failure
subdir_rules.mk:9: recipe for target 'dma.obj' failed
"../dma.c", line 34: fatal error #1965: cannot open source file "debug.h"
1 catastrophic error detected in the compilation of "../dma.c".
Compilation terminated.
gmake: *** [dma.obj] Error 1
Building file: "../crc32.c"
Invoking: ARM Compiler
"C:/ti/ccs1110/ccs/tools/compiler/ti-cgt-arm_20.2.5.LTS/bin/armcl" -mv7M4 --code_state=16 --float_support=FPv4SPD16 -me --include_path="C:/ti/ccs1110/ccs/ccs_base/arm/include" --include_path="C:/ti/ccs1110/ccs/ccs_base/arm/include/CMSIS" --include_path="C:/Users/Student/workspace_v11/DriverLibrary" --include_path="C:/ti/ccs1110/ccs/tools/compiler/ti-cgt-arm_20.2.5.LTS/include" --advice:power=all --define=__MSP432P401R__ --define=ccs -g --gcc --diag_warning=225 --diag_wrap=off --display_error_number --abi=eabi --preproc_with_compile --preproc_dependency="crc32.d_raw"  "../crc32.c"
 
>> Compilation failure
subdir_rules.mk:9: recipe for target 'crc32.obj' failed
"../crc32.c", line 34: fatal error #1965: cannot open source file "debug.h"
1 catastrophic error detected in the compilation of "../crc32.c".
Compilation terminated.
gmake: *** [crc32.obj] Error 1
Building file: "../aes256.c"
Invoking: ARM Compiler
"C:/ti/ccs1110/ccs/tools/compiler/ti-cgt-arm_20.2.5.LTS/bin/armcl" -mv7M4 --code_state=16 --float_support=FPv4SPD16 -me --include_path="C:/ti/ccs1110/ccs/ccs_base/arm/include" --include_path="C:/ti/ccs1110/ccs/ccs_base/arm/include/CMSIS" --include_path="C:/Users/Student/workspace_v11/DriverLibrary" --include_path="C:/ti/ccs1110/ccs/tools/compiler/ti-cgt-arm_20.2.5.LTS/include" --advice:power=all --define=__MSP432P401R__ --define=ccs -g --gcc --diag_warning=225 --diag_wrap=off --display_error_number --abi=eabi --preproc_with_compile --preproc_dependency="aes256.d_raw"  "../aes256.c"
 
>> Compilation failure
subdir_rules.mk:9: recipe for target 'aes256.obj' failed
"../aes256.c", line 33: fatal error #1965: cannot open source file "interrupt.h"
1 catastrophic error detected in the compilation of "../aes256.c".
Compilation terminated.
gmake: *** [aes256.obj] Error 1
Building file: "../adc14.c"
Invoking: ARM Compiler
"C:/ti/ccs1110/ccs/tools/compiler/ti-cgt-arm_20.2.5.LTS/bin/armcl" -mv7M4 --code_state=16 --float_support=FPv4SPD16 -me --include_path="C:/ti/ccs1110/ccs/ccs_base/arm/include" --include_path="C:/ti/ccs1110/ccs/ccs_base/arm/include/CMSIS" --include_path="C:/Users/Student/workspace_v11/DriverLibrary" --include_path="C:/ti/ccs1110/ccs/tools/compiler/ti-cgt-arm_20.2.5.LTS/include" --advice:power=all --define=__MSP432P401R__ --define=ccs -g --gcc --diag_warning=225 --diag_wrap=off --display_error_number --abi=eabi --preproc_with_compile --preproc_dependency="adc14.d_raw"  "../adc14.c"
 
>> Compilation failure
subdir_rules.mk:9: recipe for target 'adc14.obj' failed
"../adc14.c", line 38: fatal error #1965: cannot open source file "debug.h"
1 catastrophic error detected in the compilation of "../adc14.c".
Compilation terminated.
gmake: *** [adc14.obj] Error 1
Building file: "../comp_e.c"
Invoking: ARM Compiler
"C:/ti/ccs1110/ccs/tools/compiler/ti-cgt-arm_20.2.5.LTS/bin/armcl" -mv7M4 --code_state=16 --float_support=FPv4SPD16 -me --include_path="C:/ti/ccs1110/ccs/ccs_base/arm/include" --include_path="C:/ti/ccs1110/ccs/ccs_base/arm/include/CMSIS" --include_path="C:/Users/Student/workspace_v11/DriverLibrary" --include_path="C:/ti/ccs1110/ccs/tools/compiler/ti-cgt-arm_20.2.5.LTS/include" --advice:power=all --define=__MSP432P401R__ --define=ccs -g --gcc --diag_warning=225 --diag_wrap=off --display_error_number --abi=eabi --preproc_with_compile --preproc_dependency="comp_e.d_raw"  "../comp_e.c"
 
>> Compilation failure
subdir_rules.mk:9: recipe for target 'comp_e.obj' failed
"../comp_e.c", line 33: fatal error #1965: cannot open source file "interrupt.h"
1 catastrophic error detected in the compilation of "../comp_e.c".
Compilation terminated.
gmake: *** [comp_e.obj] Error 1
Building file: "../cs.c"
Invoking: ARM Compiler
"C:/ti/ccs1110/ccs/tools/compiler/ti-cgt-arm_20.2.5.LTS/bin/armcl" -mv7M4 --code_state=16 --float_support=FPv4SPD16 -me --include_path="C:/ti/ccs1110/ccs/ccs_base/arm/include" --include_path="C:/ti/ccs1110/ccs/ccs_base/arm/include/CMSIS" --include_path="C:/Users/Student/workspace_v11/DriverLibrary" --include_path="C:/ti/ccs1110/ccs/tools/compiler/ti-cgt-arm_20.2.5.LTS/include" --advice:power=all --define=__MSP432P401R__ --define=ccs -g --gcc --diag_warning=225 --diag_wrap=off --display_error_number --abi=eabi --preproc_with_compile --preproc_dependency="cs.d_raw"  "../cs.c"
 
>> Compilation failure
subdir_rules.mk:9: recipe for target 'cs.obj' failed
"../cs.c", line 37: fatal error #1965: cannot open source file "interrupt.h"
1 catastrophic error detected in the compilation of "../cs.c".
Compilation terminated.
gmake: *** [cs.obj] Error 1
Building file: "../flash.c"
Invoking: ARM Compiler
"C:/ti/ccs1110/ccs/tools/compiler/ti-cgt-arm_20.2.5.LTS/bin/armcl" -mv7M4 --code_state=16 --float_support=FPv4SPD16 -me --include_path="C:/ti/ccs1110/ccs/ccs_base/arm/include" --include_path="C:/ti/ccs1110/ccs/ccs_base/arm/include/CMSIS" --include_path="C:/Users/Student/workspace_v11/DriverLibrary" --include_path="C:/ti/ccs1110/ccs/tools/compiler/ti-cgt-arm_20.2.5.LTS/include" --advice:power=all --define=__MSP432P401R__ --define=ccs -g --gcc --diag_warning=225 --diag_wrap=off --display_error_number --abi=eabi --preproc_with_compile --preproc_dependency="flash.d_raw"  "../flash.c"
 
>> Compilation failure
subdir_rules.mk:9: recipe for target 'flash.obj' failed
"../flash.c", line 38: fatal error #1965: cannot open source file "interrupt.h"
1 catastrophic error detected in the compilation of "../flash.c".
Compilation terminated.
gmake: *** [flash.obj] Error 1
Building file: "../i2c.c"
Invoking: ARM Compiler
"C:/ti/ccs1110/ccs/tools/compiler/ti-cgt-arm_20.2.5.LTS/bin/armcl" -mv7M4 --code_state=16 --float_support=FPv4SPD16 -me --include_path="C:/ti/ccs1110/ccs/ccs_base/arm/include" --include_path="C:/ti/ccs1110/ccs/ccs_base/arm/include/CMSIS" --include_path="C:/Users/Student/workspace_v11/DriverLibrary" --include_path="C:/ti/ccs1110/ccs/tools/compiler/ti-cgt-arm_20.2.5.LTS/include" --advice:power=all --define=__MSP432P401R__ --define=ccs -g --gcc --diag_warning=225 --diag_wrap=off --display_error_number --abi=eabi --preproc_with_compile --preproc_dependency="i2c.d_raw"  "../i2c.c"
 
>> Compilation failure
subdir_rules.mk:9: recipe for target 'i2c.obj' failed
"../i2c.c", line 33: fatal error #1965: cannot open source file "interrupt.h"
1 catastrophic error detected in the compilation of "../i2c.c".
Compilation terminated.
gmake: *** [i2c.obj] Error 1
Building file: "../main.c"
Invoking: ARM Compiler
"C:/ti/ccs1110/ccs/tools/compiler/ti-cgt-arm_20.2.5.LTS/bin/armcl" -mv7M4 --code_state=16 --float_support=FPv4SPD16 -me --include_path="C:/ti/ccs1110/ccs/ccs_base/arm/include" --include_path="C:/ti/ccs1110/ccs/ccs_base/arm/include/CMSIS" --include_path="C:/Users/Student/workspace_v11/DriverLibrary" --include_path="C:/ti/ccs1110/ccs/tools/compiler/ti-cgt-arm_20.2.5.LTS/include" --advice:power=all --define=__MSP432P401R__ --define=ccs -g --gcc --diag_warning=225 --diag_wrap=off --display_error_number --abi=eabi --preproc_with_compile --preproc_dependency="main.d_raw"  "../main.c"
 
>> Compilation failure
subdir_rules.mk:9: recipe for target 'main.obj' failed
"..\dma.h", line 55: fatal error #1965: cannot open source file "interrupt.h"
1 catastrophic error detected in the compilation of "../main.c".
Compilation terminated.
gmake: *** [main.obj] Error 1
Building file: "../mpu.c"
Invoking: ARM Compiler
"C:/ti/ccs1110/ccs/tools/compiler/ti-cgt-arm_20.2.5.LTS/bin/armcl" -mv7M4 --code_state=16 --float_support=FPv4SPD16 -me --include_path="C:/ti/ccs1110/ccs/ccs_base/arm/include" --include_path="C:/ti/ccs1110/ccs/ccs_base/arm/include/CMSIS" --include_path="C:/Users/Student/workspace_v11/DriverLibrary" --include_path="C:/ti/ccs1110/ccs/tools/compiler/ti-cgt-arm_20.2.5.LTS/include" --advice:power=all --define=__MSP432P401R__ --define=ccs -g --gcc --diag_warning=225 --diag_wrap=off --display_error_number --abi=eabi --preproc_with_compile --preproc_dependency="mpu.d_raw"  "../mpu.c"
 
>> Compilation failure
subdir_rules.mk:9: recipe for target 'mpu.obj' failed
"../mpu.c", line 32: fatal error #1965: cannot open source file "debug.h"
1 catastrophic error detected in the compilation of "../mpu.c".
Compilation terminated.
gmake: *** [mpu.obj] Error 1
Building file: "../pmap.c"
Invoking: ARM Compiler
"C:/ti/ccs1110/ccs/tools/compiler/ti-cgt-arm_20.2.5.LTS/bin/armcl" -mv7M4 --code_state=16 --float_support=FPv4SPD16 -me --include_path="C:/ti/ccs1110/ccs/ccs_base/arm/include" --include_path="C:/ti/ccs1110/ccs/ccs_base/arm/include/CMSIS" --include_path="C:/Users/Student/workspace_v11/DriverLibrary" --include_path="C:/ti/ccs1110/ccs/tools/compiler/ti-cgt-arm_20.2.5.LTS/include" --advice:power=all --define=__MSP432P401R__ --define=ccs -g --gcc --diag_warning=225 --diag_wrap=off --display_error_number --abi=eabi --preproc_with_compile --preproc_dependency="pmap.d_raw"  "../pmap.c"
 
>> Compilation failure
subdir_rules.mk:9: recipe for target 'pmap.obj' failed
"../pmap.c", line 32: fatal error #1965: cannot open source file "debug.h"
1 catastrophic error detected in the compilation of "../pmap.c".
Compilation terminated.
gmake: *** [pmap.obj] Error 1
Building file: "../pcm.c"
Invoking: ARM Compiler
"C:/ti/ccs1110/ccs/tools/compiler/ti-cgt-arm_20.2.5.LTS/bin/armcl" -mv7M4 --code_state=16 --float_support=FPv4SPD16 -me --include_path="C:/ti/ccs1110/ccs/ccs_base/arm/include" --include_path="C:/ti/ccs1110/ccs/ccs_base/arm/include/CMSIS" --include_path="C:/Users/Student/workspace_v11/DriverLibrary" --include_path="C:/ti/ccs1110/ccs/tools/compiler/ti-cgt-arm_20.2.5.LTS/include" --advice:power=all --define=__MSP432P401R__ --define=ccs -g --gcc --diag_warning=225 --diag_wrap=off --display_error_number --abi=eabi --preproc_with_compile --preproc_dependency="pcm.d_raw"  "../pcm.c"
 
>> Compilation failure
subdir_rules.mk:9: recipe for target 'pcm.obj' failed
"../pcm.c", line 37: fatal error #1965: cannot open source file "debug.h"
1 catastrophic error detected in the compilation of "../pcm.c".
Compilation terminated.
gmake: *** [pcm.obj] Error 1
Building file: "../pss.c"
Invoking: ARM Compiler
"C:/ti/ccs1110/ccs/tools/compiler/ti-cgt-arm_20.2.5.LTS/bin/armcl" -mv7M4 --code_state=16 --float_support=FPv4SPD16 -me --include_path="C:/ti/ccs1110/ccs/ccs_base/arm/include" --include_path="C:/ti/ccs1110/ccs/ccs_base/arm/include/CMSIS" --include_path="C:/Users/Student/workspace_v11/DriverLibrary" --include_path="C:/ti/ccs1110/ccs/tools/compiler/ti-cgt-arm_20.2.5.LTS/include" --advice:power=all --define=__MSP432P401R__ --define=ccs -g --gcc --diag_warning=225 --diag_wrap=off --display_error_number --abi=eabi --preproc_with_compile --preproc_dependency="pss.d_raw"  "../pss.c"
 
>> Compilation failure
subdir_rules.mk:9: recipe for target 'pss.obj' failed
"../pss.c", line 37: fatal error #1965: cannot open source file "interrupt.h"
1 catastrophic error detected in the compilation of "../pss.c".
Compilation terminated.
gmake: *** [pss.obj] Error 1
Building file: "../ref_a.c"
Invoking: ARM Compiler
"C:/ti/ccs1110/ccs/tools/compiler/ti-cgt-arm_20.2.5.LTS/bin/armcl" -mv7M4 --code_state=16 --float_support=FPv4SPD16 -me --include_path="C:/ti/ccs1110/ccs/ccs_base/arm/include" --include_path="C:/ti/ccs1110/ccs/ccs_base/arm/include/CMSIS" --include_path="C:/Users/Student/workspace_v11/DriverLibrary" --include_path="C:/ti/ccs1110/ccs/tools/compiler/ti-cgt-arm_20.2.5.LTS/include" --advice:power=all --define=__MSP432P401R__ --define=ccs -g --gcc --diag_warning=225 --diag_wrap=off --display_error_number --abi=eabi --preproc_with_compile --preproc_dependency="ref_a.d_raw"  "../ref_a.c"
 
>> Compilation failure
subdir_rules.mk:9: recipe for target 'ref_a.obj' failed
"../ref_a.c", line 33: fatal error #1965: cannot open source file "debug.h"
1 catastrophic error detected in the compilation of "../ref_a.c".
Compilation terminated.
gmake: *** [ref_a.obj] Error 1
Building file: "../reset.c"
Invoking: ARM Compiler
"C:/ti/ccs1110/ccs/tools/compiler/ti-cgt-arm_20.2.5.LTS/bin/armcl" -mv7M4 --code_state=16 --float_support=FPv4SPD16 -me --include_path="C:/ti/ccs1110/ccs/ccs_base/arm/include" --include_path="C:/ti/ccs1110/ccs/ccs_base/arm/include/CMSIS" --include_path="C:/Users/Student/workspace_v11/DriverLibrary" --include_path="C:/ti/ccs1110/ccs/tools/compiler/ti-cgt-arm_20.2.5.LTS/include" --advice:power=all --define=__MSP432P401R__ --define=ccs -g --gcc --diag_warning=225 --diag_wrap=off --display_error_number --abi=eabi --preproc_with_compile --preproc_dependency="reset.d_raw"  "../reset.c"
 
>> Compilation failure
subdir_rules.mk:9: recipe for target 'reset.obj' failed
"../reset.c", line 33: fatal error #1965: cannot open source file "debug.h"
1 catastrophic error detected in the compilation of "../reset.c".
Compilation terminated.
gmake: *** [reset.obj] Error 1
Building file: "../rtc_c.c"
Invoking: ARM Compiler
"C:/ti/ccs1110/ccs/tools/compiler/ti-cgt-arm_20.2.5.LTS/bin/armcl" -mv7M4 --code_state=16 --float_support=FPv4SPD16 -me --include_path="C:/ti/ccs1110/ccs/ccs_base/arm/include" --include_path="C:/ti/ccs1110/ccs/ccs_base/arm/include/CMSIS" --include_path="C:/Users/Student/workspace_v11/DriverLibrary" --include_path="C:/ti/ccs1110/ccs/tools/compiler/ti-cgt-arm_20.2.5.LTS/include" --advice:power=all --define=__MSP432P401R__ --define=ccs -g --gcc --diag_warning=225 --diag_wrap=off --display_error_number --abi=eabi --preproc_with_compile --preproc_dependency="rtc_c.d_raw"  "../rtc_c.c"
 
>> Compilation failure
subdir_rules.mk:9: recipe for target 'rtc_c.obj' failed
"../rtc_c.c", line 33: fatal error #1965: cannot open source file "interrupt.h"
1 catastrophic error detected in the compilation of "../rtc_c.c".
Compilation terminated.
gmake: *** [rtc_c.obj] Error 1
Building file: "../spi.c"
Invoking: ARM Compiler
"C:/ti/ccs1110/ccs/tools/compiler/ti-cgt-arm_20.2.5.LTS/bin/armcl" -mv7M4 --code_state=16 --float_support=FPv4SPD16 -me --include_path="C:/ti/ccs1110/ccs/ccs_base/arm/include" --include_path="C:/ti/ccs1110/ccs/ccs_base/arm/include/CMSIS" --include_path="C:/Users/Student/workspace_v11/DriverLibrary" --include_path="C:/ti/ccs1110/ccs/tools/compiler/ti-cgt-arm_20.2.5.LTS/include" --advice:power=all --define=__MSP432P401R__ --define=ccs -g --gcc --diag_warning=225 --diag_wrap=off --display_error_number --abi=eabi --preproc_with_compile --preproc_dependency="spi.d_raw"  "../spi.c"
 
>> Compilation failure
subdir_rules.mk:9: recipe for target 'spi.obj' failed
"../spi.c", line 33: fatal error #1965: cannot open source file "interrupt.h"
1 catastrophic error detected in the compilation of "../spi.c".
Compilation terminated.
gmake: *** [spi.obj] Error 1
Building file: "../systick.c"
Invoking: ARM Compiler
"C:/ti/ccs1110/ccs/tools/compiler/ti-cgt-arm_20.2.5.LTS/bin/armcl" -mv7M4 --code_state=16 --float_support=FPv4SPD16 -me --include_path="C:/ti/ccs1110/ccs/ccs_base/arm/include" --include_path="C:/ti/ccs1110/ccs/ccs_base/arm/include/CMSIS" --include_path="C:/Users/Student/workspace_v11/DriverLibrary" --include_path="C:/ti/ccs1110/ccs/tools/compiler/ti-cgt-arm_20.2.5.LTS/include" --advice:power=all --define=__MSP432P401R__ --define=ccs -g --gcc --diag_warning=225 --diag_wrap=off --display_error_number --abi=eabi --preproc_with_compile --preproc_dependency="systick.d_raw"  "../systick.c"
 
>> Compilation failure
subdir_rules.mk:9: recipe for target 'systick.obj' failed
"../systick.c", line 32: fatal error #1965: cannot open source file "debug.h"
1 catastrophic error detected in the compilation of "../systick.c".
Compilation terminated.
gmake: *** [systick.obj] Error 1
Building file: "../sysctl.c"
Invoking: ARM Compiler
"C:/ti/ccs1110/ccs/tools/compiler/ti-cgt-arm_20.2.5.LTS/bin/armcl" -mv7M4 --code_state=16 --float_support=FPv4SPD16 -me --include_path="C:/ti/ccs1110/ccs/ccs_base/arm/include" --include_path="C:/ti/ccs1110/ccs/ccs_base/arm/include/CMSIS" --include_path="C:/Users/Student/workspace_v11/DriverLibrary" --include_path="C:/ti/ccs1110/ccs/tools/compiler/ti-cgt-arm_20.2.5.LTS/include" --advice:power=all --define=__MSP432P401R__ --define=ccs -g --gcc --diag_warning=225 --diag_wrap=off --display_error_number --abi=eabi --preproc_with_compile --preproc_dependency="sysctl.d_raw"  "../sysctl.c"
 
>> Compilation failure
subdir_rules.mk:9: recipe for target 'sysctl.obj' failed
"../sysctl.c", line 38: fatal error #1965: cannot open source file "debug.h"
1 catastrophic error detected in the compilation of "../sysctl.c".
Compilation terminated.
gmake: *** [sysctl.obj] Error 1
Building file: "../timer32.c"
Invoking: ARM Compiler
"C:/ti/ccs1110/ccs/tools/compiler/ti-cgt-arm_20.2.5.LTS/bin/armcl" -mv7M4 --code_state=16 --float_support=FPv4SPD16 -me --include_path="C:/ti/ccs1110/ccs/ccs_base/arm/include" --include_path="C:/ti/ccs1110/ccs/ccs_base/arm/include/CMSIS" --include_path="C:/Users/Student/workspace_v11/DriverLibrary" --include_path="C:/ti/ccs1110/ccs/tools/compiler/ti-cgt-arm_20.2.5.LTS/include" --advice:power=all --define=__MSP432P401R__ --define=ccs -g --gcc --diag_warning=225 --diag_wrap=off --display_error_number --abi=eabi --preproc_with_compile --preproc_dependency="timer32.d_raw"  "../timer32.c"
 
>> Compilation failure
subdir_rules.mk:9: recipe for target 'timer32.obj' failed
"../timer32.c", line 33: fatal error #1965: cannot open source file "interrupt.h"
1 catastrophic error detected in the compilation of "../timer32.c".
Compilation terminated.
gmake: *** [timer32.obj] Error 1
Building file: "../uart.c"
Invoking: ARM Compiler
"C:/ti/ccs1110/ccs/tools/compiler/ti-cgt-arm_20.2.5.LTS/bin/armcl" -mv7M4 --code_state=16 --float_support=FPv4SPD16 -me --include_path="C:/ti/ccs1110/ccs/ccs_base/arm/include" --include_path="C:/ti/ccs1110/ccs/ccs_base/arm/include/CMSIS" --include_path="C:/Users/Student/workspace_v11/DriverLibrary" --include_path="C:/ti/ccs1110/ccs/tools/compiler/ti-cgt-arm_20.2.5.LTS/include" --advice:power=all --define=__MSP432P401R__ --define=ccs -g --gcc --diag_warning=225 --diag_wrap=off --display_error_number --abi=eabi --preproc_with_compile --preproc_dependency="uart.d_raw"  "../uart.c"
 
>> Compilation failure
subdir_rules.mk:9: recipe for target 'uart.obj' failed
"../uart.c", line 33: fatal error #1965: cannot open source file "interrupt.h"
1 catastrophic error detected in the compilation of "../uart.c".
Compilation terminated.
gmake: *** [uart.obj] Error 1
Building file: "../timer_a.c"
Invoking: ARM Compiler
"C:/ti/ccs1110/ccs/tools/compiler/ti-cgt-arm_20.2.5.LTS/bin/armcl" -mv7M4 --code_state=16 --float_support=FPv4SPD16 -me --include_path="C:/ti/ccs1110/ccs/ccs_base/arm/include" --include_path="C:/ti/ccs1110/ccs/ccs_base/arm/include/CMSIS" --include_path="C:/Users/Student/workspace_v11/DriverLibrary" --include_path="C:/ti/ccs1110/ccs/tools/compiler/ti-cgt-arm_20.2.5.LTS/include" --advice:power=all --define=__MSP432P401R__ --define=ccs -g --gcc --diag_warning=225 --diag_wrap=off --display_error_number --abi=eabi --preproc_with_compile --preproc_dependency="timer_a.d_raw"  "../timer_a.c"
 
>> Compilation failure
subdir_rules.mk:9: recipe for target 'timer_a.obj' failed
"../timer_a.c", line 33: fatal error #1965: cannot open source file "interrupt.h"
1 catastrophic error detected in the compilation of "../timer_a.c".
Compilation terminated.
gmake: *** [timer_a.obj] Error 1
Building file: "../wdt_a.c"
Invoking: ARM Compiler
"C:/ti/ccs1110/ccs/tools/compiler/ti-cgt-arm_20.2.5.LTS/bin/armcl" -mv7M4 --code_state=16 --float_support=FPv4SPD16 -me --include_path="C:/ti/ccs1110/ccs/ccs_base/arm/include" --include_path="C:/ti/ccs1110/ccs/ccs_base/arm/include/CMSIS" --include_path="C:/Users/Student/workspace_v11/DriverLibrary" --include_path="C:/ti/ccs1110/ccs/tools/compiler/ti-cgt-arm_20.2.5.LTS/include" --advice:power=all --define=__MSP432P401R__ --define=ccs -g --gcc --diag_warning=225 --diag_wrap=off --display_error_number --abi=eabi --preproc_with_compile --preproc_dependency="wdt_a.d_raw"  "../wdt_a.c"
 
>> Compilation failure
subdir_rules.mk:9: recipe for target 'wdt_a.obj' failed
"../wdt_a.c", line 37: fatal error #1965: cannot open source file "interrupt.h"
1 catastrophic error detected in the compilation of "../wdt_a.c".
Compilation terminated.
gmake: *** [wdt_a.obj] Error 1
gmake: Target 'all' not remade because of errors.

**** Build Finished ****
