
**** Build of configuration Debug for project LineFollower ****

"C:\\ti\\ccs1110\\ccs\\utils\\bin\\gmake" -k -j 8 all -O 
 
Building file: "../FSM.c"
Invoking: ARM Compiler
"C:/ti/ccs1110/ccs/tools/compiler/ti-cgt-arm_20.2.5.LTS/bin/armcl" -mv7M4 --code_state=16 --float_support=FPv4SPD16 -me --include_path="C:/ti/ccs1110/ccs/ccs_base/arm/include" --include_path="C:/ti/ccs1110/ccs/ccs_base/arm/include/CMSIS" --include_path="C:/Users/Student/workspace_v11/LineFollower" --include_path="C:/ti/ccs1110/ccs/tools/compiler/ti-cgt-arm_20.2.5.LTS/include" --advice:power=all --define=__MSP432P401R__ --define=ccs -g --gcc --diag_warning=225 --diag_wrap=off --display_error_number --abi=eabi --preproc_with_compile --preproc_dependency="FSM.d_raw"  "../FSM.c"
 
>> Compilation failure
subdir_rules.mk:9: recipe for target 'FSM.obj' failed
"..\FSM.h", line 31: error #66: expected a ";"
"../FSM.c", line 44: error #137: struct "<unnamed>" has no field "Position"
"../FSM.c", line 44: error #137: struct "<unnamed>" has no field "Position"
"../FSM.c", line 47: error #137: struct "<unnamed>" has no field "Position"
"../FSM.c", line 47: error #137: struct "<unnamed>" has no field "Position"
"../FSM.c", line 50: error #137: struct "<unnamed>" has no field "Position"
"../FSM.c", line 50: error #137: struct "<unnamed>" has no field "Position"
"../FSM.c", line 53: error #137: struct "<unnamed>" has no field "Position"
"../FSM.c", line 53: error #137: struct "<unnamed>" has no field "Position"
"../FSM.c", line 56: error #137: struct "<unnamed>" has no field "Position"
"../FSM.c", line 56: error #137: struct "<unnamed>" has no field "Position"
"../FSM.c", line 59: error #137: struct "<unnamed>" has no field "Position"
"../FSM.c", line 59: error #137: struct "<unnamed>" has no field "Position"
"../FSM.c", line 62: error #137: struct "<unnamed>" has no field "Position"
"../FSM.c", line 62: error #137: struct "<unnamed>" has no field "Position"
"../FSM.c", line 81: error #137: struct "<unnamed>" has no field "Position"
"../FSM.c", line 81: error #137: struct "<unnamed>" has no field "Position"
"../FSM.c", line 84: error #137: struct "<unnamed>" has no field "Position"
"../FSM.c", line 84: error #137: struct "<unnamed>" has no field "Position"
"../FSM.c", line 87: error #137: struct "<unnamed>" has no field "Position"
"../FSM.c", line 87: error #137: struct "<unnamed>" has no field "Position"
"../FSM.c", line 90: error #137: struct "<unnamed>" has no field "Position"
"../FSM.c", line 90: error #137: struct "<unnamed>" has no field "Position"
"../FSM.c", line 93: error #137: struct "<unnamed>" has no field "Position"
"../FSM.c", line 93: error #137: struct "<unnamed>" has no field "Position"
"../FSM.c", line 96: error #137: struct "<unnamed>" has no field "Position"
"../FSM.c", line 96: error #137: struct "<unnamed>" has no field "Position"
"../FSM.c", line 99: error #137: struct "<unnamed>" has no field "Position"
"../FSM.c", line 99: error #137: struct "<unnamed>" has no field "Position"
"../FSM.c", line 123: error #137: struct "<unnamed>" has no field "Position"
"../FSM.c", line 123: error #137: struct "<unnamed>" has no field "Position"
"../FSM.c", line 126: error #137: struct "<unnamed>" has no field "Position"
"../FSM.c", line 126: error #137: struct "<unnamed>" has no field "Position"
"../FSM.c", line 148: error #137: struct "<unnamed>" has no field "Position"
"../FSM.c", line 148: error #137: struct "<unnamed>" has no field "Position"
"../FSM.c", line 151: error #137: struct "<unnamed>" has no field "Position"
"../FSM.c", line 151: error #137: struct "<unnamed>" has no field "Position"
"../FSM.c", line 154: error #137: struct "<unnamed>" has no field "Position"
"../FSM.c", line 154: error #137: struct "<unnamed>" has no field "Position"
"../FSM.c", line 157: error #137: struct "<unnamed>" has no field "Position"
"../FSM.c", line 157: error #137: struct "<unnamed>" has no field "Position"
"../FSM.c", line 160: error #137: struct "<unnamed>" has no field "Position"
"../FSM.c", line 160: error #137: struct "<unnamed>" has no field "Position"
"../FSM.c", line 163: error #137: struct "<unnamed>" has no field "Position"
"../FSM.c", line 163: error #137: struct "<unnamed>" has no field "Position"
"../FSM.c", line 166: error #137: struct "<unnamed>" has no field "Position"
"../FSM.c", line 166: error #137: struct "<unnamed>" has no field "Position"
"../FSM.c", line 186: error #137: struct "<unnamed>" has no field "Position"
"../FSM.c", line 186: error #137: struct "<unnamed>" has no field "Position"
"../FSM.c", line 189: error #137: struct "<unnamed>" has no field "Position"
"../FSM.c", line 189: error #137: struct "<unnamed>" has no field "Position"
"../FSM.c", line 192: error #137: struct "<unnamed>" has no field "Position"
"../FSM.c", line 192: error #137: struct "<unnamed>" has no field "Position"
"../FSM.c", line 215: error #137: struct "<unnamed>" has no field "Position"
"../FSM.c", line 215: error #137: struct "<unnamed>" has no field "Position"
"../FSM.c", line 218: error #137: struct "<unnamed>" has no field "Position"
"../FSM.c", line 218: error #137: struct "<unnamed>" has no field "Position"
"../FSM.c", line 221: error #137: struct "<unnamed>" has no field "Position"
"../FSM.c", line 221: error #137: struct "<unnamed>" has no field "Position"
"../FSM.c", line 224: error #137: struct "<unnamed>" has no field "Position"
"../FSM.c", line 224: error #137: struct "<unnamed>" has no field "Position"
"../FSM.c", line 227: error #137: struct "<unnamed>" has no field "Position"
"../FSM.c", line 227: error #137: struct "<unnamed>" has no field "Position"
"../FSM.c", line 230: error #137: struct "<unnamed>" has no field "Position"
"../FSM.c", line 230: error #137: struct "<unnamed>" has no field "Position"
"../FSM.c", line 233: error #137: struct "<unnamed>" has no field "Position"
"../FSM.c", line 233: error #137: struct "<unnamed>" has no field "Position"
"../FSM.c", line 253: error #137: struct "<unnamed>" has no field "Position"
"../FSM.c", line 253: error #137: struct "<unnamed>" has no field "Position"
"../FSM.c", line 256: error #137: struct "<unnamed>" has no field "Position"
"../FSM.c", line 256: error #137: struct "<unnamed>" has no field "Position"
"../FSM.c", line 259: error #137: struct "<unnamed>" has no field "Position"
"../FSM.c", line 259: error #137: struct "<unnamed>" has no field "Position"
"../FSM.c", line 282: error #137: struct "<unnamed>" has no field "Position"
"../FSM.c", line 282: error #137: struct "<unnamed>" has no field "Position"
"../FSM.c", line 285: error #137: struct "<unnamed>" has no field "Position"
"../FSM.c", line 285: error #137: struct "<unnamed>" has no field "Position"
"../FSM.c", line 288: error #137: struct "<unnamed>" has no field "Position"
"../FSM.c", line 288: error #137: struct "<unnamed>" has no field "Position"
"../FSM.c", line 291: error #137: struct "<unnamed>" has no field "Position"
"../FSM.c", line 291: error #137: struct "<unnamed>" has no field "Position"
"../FSM.c", line 294: error #137: struct "<unnamed>" has no field "Position"
"../FSM.c", line 294: error #137: struct "<unnamed>" has no field "Position"
"../FSM.c", line 297: error #137: struct "<unnamed>" has no field "Position"
"../FSM.c", line 297: error #137: struct "<unnamed>" has no field "Position"
"../FSM.c", line 300: error #137: struct "<unnamed>" has no field "Position"
"../FSM.c", line 300: error #137: struct "<unnamed>" has no field "Position"
"../FSM.c", line 320: error #137: struct "<unnamed>" has no field "Position"
"../FSM.c", line 320: error #137: struct "<unnamed>" has no field "Position"
"../FSM.c", line 323: error #137: struct "<unnamed>" has no field "Position"
"../FSM.c", line 323: error #137: struct "<unnamed>" has no field "Position"
"../FSM.c", line 326: error #137: struct "<unnamed>" has no field "Position"
"../FSM.c", line 326: error #137: struct "<unnamed>" has no field "Position"
"../FSM.c", line 348: error #137: struct "<unnamed>" has no field "Position"
"../FSM.c", line 348: error #137: struct "<unnamed>" has no field "Position"
"../FSM.c", line 351: error #137: struct "<unnamed>" has no field "Position"
"../FSM.c", line 351: error #137: struct "<unnamed>" has no field "Position"
"../FSM.c", line 354: error #137: struct "<unnamed>" has no field "Position"
"../FSM.c", line 354: error #137: struct "<unnamed>" has no field "Position"
"../FSM.c", line 357: error #137: struct "<unnamed>" has no field "Position"
Error limit reached.
100 errors detected in the compilation of "../FSM.c".
Compilation terminated.
gmake: *** [FSM.obj] Error 1
Building file: "../main.c"
Invoking: ARM Compiler
"C:/ti/ccs1110/ccs/tools/compiler/ti-cgt-arm_20.2.5.LTS/bin/armcl" -mv7M4 --code_state=16 --float_support=FPv4SPD16 -me --include_path="C:/ti/ccs1110/ccs/ccs_base/arm/include" --include_path="C:/ti/ccs1110/ccs/ccs_base/arm/include/CMSIS" --include_path="C:/Users/Student/workspace_v11/LineFollower" --include_path="C:/ti/ccs1110/ccs/tools/compiler/ti-cgt-arm_20.2.5.LTS/include" --advice:power=all --define=__MSP432P401R__ --define=ccs -g --gcc --diag_warning=225 --diag_wrap=off --display_error_number --abi=eabi --preproc_with_compile --preproc_dependency="main.d_raw"  "../main.c"
 
>> Compilation failure
subdir_rules.mk:9: recipe for target 'main.obj' failed
"..\FSM.h", line 31: error #66: expected a ";"
"../main.c", line 54: remark #2624-D: (ULP 5.4) Detected an assignment to a type with size less than int. To avoid unnecessary sign extension, use int-sized types for local varaibles and convert to smaller types for static storage.
"../main.c", line 57: remark #2624-D: (ULP 5.4) Detected an assignment to a type with size less than int. To avoid unnecessary sign extension, use int-sized types for local varaibles and convert to smaller types for static storage.
"../main.c", line 50: remark #2624-D: (ULP 5.4) Detected an assignment to a type with size less than int. To avoid unnecessary sign extension, use int-sized types for local varaibles and convert to smaller types for static storage.
"../main.c", line 91: error #137: struct "<unnamed>" has no field "Position"
2 errors detected in the compilation of "../main.c".
gmake: *** [main.obj] Error 1
gmake: Target 'all' not remade because of errors.

**** Build Finished ****
