
**** Build of configuration Debug for project TakeFive(3) ****

"C:\\ti\\ccs1110\\ccs\\utils\\bin\\gmake" -k -j 8 all -O 
 
Building file: "../Bump.c"
Invoking: Arm Compiler
"C:/ti/ccs1110/ccs/tools/compiler/ti-cgt-arm_20.2.6.LTS/bin/armcl" -mv7M4 --code_state=16 --float_support=FPv4SPD16 -me --include_path="C:/ti/ccs1110/ccs/ccs_base/arm/include" --include_path="C:/ti/ccs1110/ccs/ccs_base/arm/include/CMSIS" --include_path="C:/Users/Student/workspace_v11/TakeFive(3)" --include_path="C:/ti/ccs1110/ccs/tools/compiler/ti-cgt-arm_20.2.6.LTS/include" --advice:power=all --define=ccs --define=__MSP432E401Y__ -g --gcc --diag_warning=225 --diag_wrap=off --display_error_number --abi=eabi --preproc_with_compile --preproc_dependency="Bump.d_raw"  "../Bump.c"
 
>> Compilation failure
subdir_rules.mk:9: recipe for target 'Bump.obj' failed
"..\adc14.h", line 56: fatal error #1965: cannot open source file "msp.h"
1 catastrophic error detected in the compilation of "../Bump.c".
Compilation terminated.
gmake: *** [Bump.obj] Error 1
Building file: "../Clock_DL.c"
Invoking: Arm Compiler
"C:/ti/ccs1110/ccs/tools/compiler/ti-cgt-arm_20.2.6.LTS/bin/armcl" -mv7M4 --code_state=16 --float_support=FPv4SPD16 -me --include_path="C:/ti/ccs1110/ccs/ccs_base/arm/include" --include_path="C:/ti/ccs1110/ccs/ccs_base/arm/include/CMSIS" --include_path="C:/Users/Student/workspace_v11/TakeFive(3)" --include_path="C:/ti/ccs1110/ccs/tools/compiler/ti-cgt-arm_20.2.6.LTS/include" --advice:power=all --define=ccs --define=__MSP432E401Y__ -g --gcc --diag_warning=225 --diag_wrap=off --display_error_number --abi=eabi --preproc_with_compile --preproc_dependency="Clock_DL.d_raw"  "../Clock_DL.c"
 
>> Compilation failure
subdir_rules.mk:9: recipe for target 'Clock_DL.obj' failed
"..\adc14.h", line 56: fatal error #1965: cannot open source file "msp.h"
1 catastrophic error detected in the compilation of "../Clock_DL.c".
Compilation terminated.
gmake: *** [Clock_DL.obj] Error 1
Building file: "../FSM.c"
Invoking: Arm Compiler
"C:/ti/ccs1110/ccs/tools/compiler/ti-cgt-arm_20.2.6.LTS/bin/armcl" -mv7M4 --code_state=16 --float_support=FPv4SPD16 -me --include_path="C:/ti/ccs1110/ccs/ccs_base/arm/include" --include_path="C:/ti/ccs1110/ccs/ccs_base/arm/include/CMSIS" --include_path="C:/Users/Student/workspace_v11/TakeFive(3)" --include_path="C:/ti/ccs1110/ccs/tools/compiler/ti-cgt-arm_20.2.6.LTS/include" --advice:power=all --define=ccs --define=__MSP432E401Y__ -g --gcc --diag_warning=225 --diag_wrap=off --display_error_number --abi=eabi --preproc_with_compile --preproc_dependency="FSM.d_raw"  "../FSM.c"
 
>> Compilation failure
subdir_rules.mk:9: recipe for target 'FSM.obj' failed
"..\adc14.h", line 56: fatal error #1965: cannot open source file "msp.h"
1 catastrophic error detected in the compilation of "../FSM.c".
Compilation terminated.
gmake: *** [FSM.obj] Error 1
Building file: "../LaunchPad.c"
Invoking: Arm Compiler
"C:/ti/ccs1110/ccs/tools/compiler/ti-cgt-arm_20.2.6.LTS/bin/armcl" -mv7M4 --code_state=16 --float_support=FPv4SPD16 -me --include_path="C:/ti/ccs1110/ccs/ccs_base/arm/include" --include_path="C:/ti/ccs1110/ccs/ccs_base/arm/include/CMSIS" --include_path="C:/Users/Student/workspace_v11/TakeFive(3)" --include_path="C:/ti/ccs1110/ccs/tools/compiler/ti-cgt-arm_20.2.6.LTS/include" --advice:power=all --define=ccs --define=__MSP432E401Y__ -g --gcc --diag_warning=225 --diag_wrap=off --display_error_number --abi=eabi --preproc_with_compile --preproc_dependency="LaunchPad.d_raw"  "../LaunchPad.c"
 
>> Compilation failure
subdir_rules.mk:9: recipe for target 'LaunchPad.obj' failed
"..\adc14.h", line 56: fatal error #1965: cannot open source file "msp.h"
1 catastrophic error detected in the compilation of "../LaunchPad.c".
Compilation terminated.
gmake: *** [LaunchPad.obj] Error 1
Building file: "../Reflectance.c"
Invoking: Arm Compiler
"C:/ti/ccs1110/ccs/tools/compiler/ti-cgt-arm_20.2.6.LTS/bin/armcl" -mv7M4 --code_state=16 --float_support=FPv4SPD16 -me --include_path="C:/ti/ccs1110/ccs/ccs_base/arm/include" --include_path="C:/ti/ccs1110/ccs/ccs_base/arm/include/CMSIS" --include_path="C:/Users/Student/workspace_v11/TakeFive(3)" --include_path="C:/ti/ccs1110/ccs/tools/compiler/ti-cgt-arm_20.2.6.LTS/include" --advice:power=all --define=ccs --define=__MSP432E401Y__ -g --gcc --diag_warning=225 --diag_wrap=off --display_error_number --abi=eabi --preproc_with_compile --preproc_dependency="Reflectance.d_raw"  "../Reflectance.c"
 
>> Compilation failure
subdir_rules.mk:9: recipe for target 'Reflectance.obj' failed
"..\adc14.h", line 56: fatal error #1965: cannot open source file "msp.h"
1 catastrophic error detected in the compilation of "../Reflectance.c".
Compilation terminated.
gmake: *** [Reflectance.obj] Error 1
Building file: "../TimerA1.c"
Invoking: Arm Compiler
"C:/ti/ccs1110/ccs/tools/compiler/ti-cgt-arm_20.2.6.LTS/bin/armcl" -mv7M4 --code_state=16 --float_support=FPv4SPD16 -me --include_path="C:/ti/ccs1110/ccs/ccs_base/arm/include" --include_path="C:/ti/ccs1110/ccs/ccs_base/arm/include/CMSIS" --include_path="C:/Users/Student/workspace_v11/TakeFive(3)" --include_path="C:/ti/ccs1110/ccs/tools/compiler/ti-cgt-arm_20.2.6.LTS/include" --advice:power=all --define=ccs --define=__MSP432E401Y__ -g --gcc --diag_warning=225 --diag_wrap=off --display_error_number --abi=eabi --preproc_with_compile --preproc_dependency="TimerA1.d_raw"  "../TimerA1.c"
 
>> Compilation failure
subdir_rules.mk:9: recipe for target 'TimerA1.obj' failed
"..\adc14.h", line 56: fatal error #1965: cannot open source file "msp.h"
1 catastrophic error detected in the compilation of "../TimerA1.c".
Compilation terminated.
gmake: *** [TimerA1.obj] Error 1
Building file: "../UART0.c"
Invoking: Arm Compiler
"C:/ti/ccs1110/ccs/tools/compiler/ti-cgt-arm_20.2.6.LTS/bin/armcl" -mv7M4 --code_state=16 --float_support=FPv4SPD16 -me --include_path="C:/ti/ccs1110/ccs/ccs_base/arm/include" --include_path="C:/ti/ccs1110/ccs/ccs_base/arm/include/CMSIS" --include_path="C:/Users/Student/workspace_v11/TakeFive(3)" --include_path="C:/ti/ccs1110/ccs/tools/compiler/ti-cgt-arm_20.2.6.LTS/include" --advice:power=all --define=ccs --define=__MSP432E401Y__ -g --gcc --diag_warning=225 --diag_wrap=off --display_error_number --abi=eabi --preproc_with_compile --preproc_dependency="UART0.d_raw"  "../UART0.c"
 
>> Compilation failure
subdir_rules.mk:9: recipe for target 'UART0.obj' failed
"../UART0.c", line 53: fatal error #1965: cannot open source file "msp.h"
1 catastrophic error detected in the compilation of "../UART0.c".
Compilation terminated.
gmake: *** [UART0.obj] Error 1
Building file: "../adc14.c"
Invoking: Arm Compiler
"C:/ti/ccs1110/ccs/tools/compiler/ti-cgt-arm_20.2.6.LTS/bin/armcl" -mv7M4 --code_state=16 --float_support=FPv4SPD16 -me --include_path="C:/ti/ccs1110/ccs/ccs_base/arm/include" --include_path="C:/ti/ccs1110/ccs/ccs_base/arm/include/CMSIS" --include_path="C:/Users/Student/workspace_v11/TakeFive(3)" --include_path="C:/ti/ccs1110/ccs/tools/compiler/ti-cgt-arm_20.2.6.LTS/include" --advice:power=all --define=ccs --define=__MSP432E401Y__ -g --gcc --diag_warning=225 --diag_wrap=off --display_error_number --abi=eabi --preproc_with_compile --preproc_dependency="adc14.d_raw"  "../adc14.c"
 
>> Compilation failure
subdir_rules.mk:9: recipe for target 'adc14.obj' failed
"..\adc14.h", line 56: fatal error #1965: cannot open source file "msp.h"
1 catastrophic error detected in the compilation of "../adc14.c".
Compilation terminated.
gmake: *** [adc14.obj] Error 1
Building file: "../aes256.c"
Invoking: Arm Compiler
"C:/ti/ccs1110/ccs/tools/compiler/ti-cgt-arm_20.2.6.LTS/bin/armcl" -mv7M4 --code_state=16 --float_support=FPv4SPD16 -me --include_path="C:/ti/ccs1110/ccs/ccs_base/arm/include" --include_path="C:/ti/ccs1110/ccs/ccs_base/arm/include/CMSIS" --include_path="C:/Users/Student/workspace_v11/TakeFive(3)" --include_path="C:/ti/ccs1110/ccs/tools/compiler/ti-cgt-arm_20.2.6.LTS/include" --advice:power=all --define=ccs --define=__MSP432E401Y__ -g --gcc --diag_warning=225 --diag_wrap=off --display_error_number --abi=eabi --preproc_with_compile --preproc_dependency="aes256.d_raw"  "../aes256.c"
 
>> Compilation failure
subdir_rules.mk:9: recipe for target 'aes256.obj' failed
"..\aes256.h", line 55: fatal error #1965: cannot open source file "msp.h"
1 catastrophic error detected in the compilation of "../aes256.c".
Compilation terminated.
gmake: *** [aes256.obj] Error 1
Building file: "../comp_e.c"
Invoking: Arm Compiler
"C:/ti/ccs1110/ccs/tools/compiler/ti-cgt-arm_20.2.6.LTS/bin/armcl" -mv7M4 --code_state=16 --float_support=FPv4SPD16 -me --include_path="C:/ti/ccs1110/ccs/ccs_base/arm/include" --include_path="C:/ti/ccs1110/ccs/ccs_base/arm/include/CMSIS" --include_path="C:/Users/Student/workspace_v11/TakeFive(3)" --include_path="C:/ti/ccs1110/ccs/tools/compiler/ti-cgt-arm_20.2.6.LTS/include" --advice:power=all --define=ccs --define=__MSP432E401Y__ -g --gcc --diag_warning=225 --diag_wrap=off --display_error_number --abi=eabi --preproc_with_compile --preproc_dependency="comp_e.d_raw"  "../comp_e.c"
 
>> Compilation failure
subdir_rules.mk:9: recipe for target 'comp_e.obj' failed
"..\comp_e.h", line 55: fatal error #1965: cannot open source file "msp.h"
1 catastrophic error detected in the compilation of "../comp_e.c".
Compilation terminated.
gmake: *** [comp_e.obj] Error 1
Building file: "../cpu.c"
Invoking: Arm Compiler
"C:/ti/ccs1110/ccs/tools/compiler/ti-cgt-arm_20.2.6.LTS/bin/armcl" -mv7M4 --code_state=16 --float_support=FPv4SPD16 -me --include_path="C:/ti/ccs1110/ccs/ccs_base/arm/include" --include_path="C:/ti/ccs1110/ccs/ccs_base/arm/include/CMSIS" --include_path="C:/Users/Student/workspace_v11/TakeFive(3)" --include_path="C:/ti/ccs1110/ccs/tools/compiler/ti-cgt-arm_20.2.6.LTS/include" --advice:power=all --define=ccs --define=__MSP432E401Y__ -g --gcc --diag_warning=225 --diag_wrap=off --display_error_number --abi=eabi --preproc_with_compile --preproc_dependency="cpu.d_raw"  "../cpu.c"
 
>> Compilation failure
subdir_rules.mk:9: recipe for target 'cpu.obj' failed
"../cpu.c", line 33: fatal error #1965: cannot open source file "msp.h"
1 catastrophic error detected in the compilation of "../cpu.c".
Compilation terminated.
gmake: *** [cpu.obj] Error 1
Building file: "../crc32.c"
Invoking: Arm Compiler
"C:/ti/ccs1110/ccs/tools/compiler/ti-cgt-arm_20.2.6.LTS/bin/armcl" -mv7M4 --code_state=16 --float_support=FPv4SPD16 -me --include_path="C:/ti/ccs1110/ccs/ccs_base/arm/include" --include_path="C:/ti/ccs1110/ccs/ccs_base/arm/include/CMSIS" --include_path="C:/Users/Student/workspace_v11/TakeFive(3)" --include_path="C:/ti/ccs1110/ccs/tools/compiler/ti-cgt-arm_20.2.6.LTS/include" --advice:power=all --define=ccs --define=__MSP432E401Y__ -g --gcc --diag_warning=225 --diag_wrap=off --display_error_number --abi=eabi --preproc_with_compile --preproc_dependency="crc32.d_raw"  "../crc32.c"
 
>> Compilation failure
subdir_rules.mk:9: recipe for target 'crc32.obj' failed
"../crc32.c", line 33: fatal error #1965: cannot open source file "msp.h"
1 catastrophic error detected in the compilation of "../crc32.c".
Compilation terminated.
gmake: *** [crc32.obj] Error 1
Building file: "../cs.c"
Invoking: Arm Compiler
"C:/ti/ccs1110/ccs/tools/compiler/ti-cgt-arm_20.2.6.LTS/bin/armcl" -mv7M4 --code_state=16 --float_support=FPv4SPD16 -me --include_path="C:/ti/ccs1110/ccs/ccs_base/arm/include" --include_path="C:/ti/ccs1110/ccs/ccs_base/arm/include/CMSIS" --include_path="C:/Users/Student/workspace_v11/TakeFive(3)" --include_path="C:/ti/ccs1110/ccs/tools/compiler/ti-cgt-arm_20.2.6.LTS/include" --advice:power=all --define=ccs --define=__MSP432E401Y__ -g --gcc --diag_warning=225 --diag_wrap=off --display_error_number --abi=eabi --preproc_with_compile --preproc_dependency="cs.d_raw"  "../cs.c"
 
>> Compilation failure
subdir_rules.mk:9: recipe for target 'cs.obj' failed
"..\cs.h", line 55: fatal error #1965: cannot open source file "msp.h"
1 catastrophic error detected in the compilation of "../cs.c".
Compilation terminated.
gmake: *** [cs.obj] Error 1
Building file: "../dma.c"
Invoking: Arm Compiler
"C:/ti/ccs1110/ccs/tools/compiler/ti-cgt-arm_20.2.6.LTS/bin/armcl" -mv7M4 --code_state=16 --float_support=FPv4SPD16 -me --include_path="C:/ti/ccs1110/ccs/ccs_base/arm/include" --include_path="C:/ti/ccs1110/ccs/ccs_base/arm/include/CMSIS" --include_path="C:/Users/Student/workspace_v11/TakeFive(3)" --include_path="C:/ti/ccs1110/ccs/tools/compiler/ti-cgt-arm_20.2.6.LTS/include" --advice:power=all --define=ccs --define=__MSP432E401Y__ -g --gcc --diag_warning=225 --diag_wrap=off --display_error_number --abi=eabi --preproc_with_compile --preproc_dependency="dma.d_raw"  "../dma.c"
 
>> Compilation failure
subdir_rules.mk:9: recipe for target 'dma.obj' failed
"..\interrupt.h", line 56: fatal error #1965: cannot open source file "msp.h"
1 catastrophic error detected in the compilation of "../dma.c".
Compilation terminated.
gmake: *** [dma.obj] Error 1
Building file: "../flash.c"
Invoking: Arm Compiler
"C:/ti/ccs1110/ccs/tools/compiler/ti-cgt-arm_20.2.6.LTS/bin/armcl" -mv7M4 --code_state=16 --float_support=FPv4SPD16 -me --include_path="C:/ti/ccs1110/ccs/ccs_base/arm/include" --include_path="C:/ti/ccs1110/ccs/ccs_base/arm/include/CMSIS" --include_path="C:/Users/Student/workspace_v11/TakeFive(3)" --include_path="C:/ti/ccs1110/ccs/tools/compiler/ti-cgt-arm_20.2.6.LTS/include" --advice:power=all --define=ccs --define=__MSP432E401Y__ -g --gcc --diag_warning=225 --diag_wrap=off --display_error_number --abi=eabi --preproc_with_compile --preproc_dependency="flash.d_raw"  "../flash.c"
 
>> Compilation failure
subdir_rules.mk:9: recipe for target 'flash.obj' failed
"..\flash.h", line 36: fatal error #1965: cannot open source file "msp.h"
1 catastrophic error detected in the compilation of "../flash.c".
Compilation terminated.
gmake: *** [flash.obj] Error 1
Building file: "../fpu.c"
Invoking: Arm Compiler
"C:/ti/ccs1110/ccs/tools/compiler/ti-cgt-arm_20.2.6.LTS/bin/armcl" -mv7M4 --code_state=16 --float_support=FPv4SPD16 -me --include_path="C:/ti/ccs1110/ccs/ccs_base/arm/include" --include_path="C:/ti/ccs1110/ccs/ccs_base/arm/include/CMSIS" --include_path="C:/Users/Student/workspace_v11/TakeFive(3)" --include_path="C:/ti/ccs1110/ccs/tools/compiler/ti-cgt-arm_20.2.6.LTS/include" --advice:power=all --define=ccs --define=__MSP432E401Y__ -g --gcc --diag_warning=225 --diag_wrap=off --display_error_number --abi=eabi --preproc_with_compile --preproc_dependency="fpu.d_raw"  "../fpu.c"
 
>> Compilation failure
subdir_rules.mk:9: recipe for target 'fpu.obj' failed
"..\fpu.h", line 55: fatal error #1965: cannot open source file "msp.h"
1 catastrophic error detected in the compilation of "../fpu.c".
Compilation terminated.
gmake: *** [fpu.obj] Error 1
Building file: "../gpio.c"
Invoking: Arm Compiler
"C:/ti/ccs1110/ccs/tools/compiler/ti-cgt-arm_20.2.6.LTS/bin/armcl" -mv7M4 --code_state=16 --float_support=FPv4SPD16 -me --include_path="C:/ti/ccs1110/ccs/ccs_base/arm/include" --include_path="C:/ti/ccs1110/ccs/ccs_base/arm/include/CMSIS" --include_path="C:/Users/Student/workspace_v11/TakeFive(3)" --include_path="C:/ti/ccs1110/ccs/tools/compiler/ti-cgt-arm_20.2.6.LTS/include" --advice:power=all --define=ccs --define=__MSP432E401Y__ -g --gcc --diag_warning=225 --diag_wrap=off --display_error_number --abi=eabi --preproc_with_compile --preproc_dependency="gpio.d_raw"  "../gpio.c"
 
>> Compilation failure
subdir_rules.mk:9: recipe for target 'gpio.obj' failed
"..\gpio.h", line 53: fatal error #1965: cannot open source file "msp.h"
1 catastrophic error detected in the compilation of "../gpio.c".
Compilation terminated.
gmake: *** [gpio.obj] Error 1
Building file: "../i2c.c"
Invoking: Arm Compiler
"C:/ti/ccs1110/ccs/tools/compiler/ti-cgt-arm_20.2.6.LTS/bin/armcl" -mv7M4 --code_state=16 --float_support=FPv4SPD16 -me --include_path="C:/ti/ccs1110/ccs/ccs_base/arm/include" --include_path="C:/ti/ccs1110/ccs/ccs_base/arm/include/CMSIS" --include_path="C:/Users/Student/workspace_v11/TakeFive(3)" --include_path="C:/ti/ccs1110/ccs/tools/compiler/ti-cgt-arm_20.2.6.LTS/include" --advice:power=all --define=ccs --define=__MSP432E401Y__ -g --gcc --diag_warning=225 --diag_wrap=off --display_error_number --abi=eabi --preproc_with_compile --preproc_dependency="i2c.d_raw"  "../i2c.c"
 
>> Compilation failure
subdir_rules.mk:9: recipe for target 'i2c.obj' failed
"..\i2c.h", line 55: fatal error #1965: cannot open source file "msp.h"
1 catastrophic error detected in the compilation of "../i2c.c".
Compilation terminated.
gmake: *** [i2c.obj] Error 1
Building file: "../interrupt.c"
Invoking: Arm Compiler
"C:/ti/ccs1110/ccs/tools/compiler/ti-cgt-arm_20.2.6.LTS/bin/armcl" -mv7M4 --code_state=16 --float_support=FPv4SPD16 -me --include_path="C:/ti/ccs1110/ccs/ccs_base/arm/include" --include_path="C:/ti/ccs1110/ccs/ccs_base/arm/include/CMSIS" --include_path="C:/Users/Student/workspace_v11/TakeFive(3)" --include_path="C:/ti/ccs1110/ccs/tools/compiler/ti-cgt-arm_20.2.6.LTS/include" --advice:power=all --define=ccs --define=__MSP432E401Y__ -g --gcc --diag_warning=225 --diag_wrap=off --display_error_number --abi=eabi --preproc_with_compile --preproc_dependency="interrupt.d_raw"  "../interrupt.c"
 
>> Compilation failure
subdir_rules.mk:9: recipe for target 'interrupt.obj' failed
"..\interrupt.h", line 56: fatal error #1965: cannot open source file "msp.h"
1 catastrophic error detected in the compilation of "../interrupt.c".
Compilation terminated.
gmake: *** [interrupt.obj] Error 1
Building file: "../mpu.c"
Invoking: Arm Compiler
"C:/ti/ccs1110/ccs/tools/compiler/ti-cgt-arm_20.2.6.LTS/bin/armcl" -mv7M4 --code_state=16 --float_support=FPv4SPD16 -me --include_path="C:/ti/ccs1110/ccs/ccs_base/arm/include" --include_path="C:/ti/ccs1110/ccs/ccs_base/arm/include/CMSIS" --include_path="C:/Users/Student/workspace_v11/TakeFive(3)" --include_path="C:/ti/ccs1110/ccs/tools/compiler/ti-cgt-arm_20.2.6.LTS/include" --advice:power=all --define=ccs --define=__MSP432E401Y__ -g --gcc --diag_warning=225 --diag_wrap=off --display_error_number --abi=eabi --preproc_with_compile --preproc_dependency="mpu.d_raw"  "../mpu.c"
 
>> Compilation failure
subdir_rules.mk:9: recipe for target 'mpu.obj' failed
"..\interrupt.h", line 56: fatal error #1965: cannot open source file "msp.h"
1 catastrophic error detected in the compilation of "../mpu.c".
Compilation terminated.
gmake: *** [mpu.obj] Error 1
Building file: "../pcm.c"
Invoking: Arm Compiler
"C:/ti/ccs1110/ccs/tools/compiler/ti-cgt-arm_20.2.6.LTS/bin/armcl" -mv7M4 --code_state=16 --float_support=FPv4SPD16 -me --include_path="C:/ti/ccs1110/ccs/ccs_base/arm/include" --include_path="C:/ti/ccs1110/ccs/ccs_base/arm/include/CMSIS" --include_path="C:/Users/Student/workspace_v11/TakeFive(3)" --include_path="C:/ti/ccs1110/ccs/tools/compiler/ti-cgt-arm_20.2.6.LTS/include" --advice:power=all --define=ccs --define=__MSP432E401Y__ -g --gcc --diag_warning=225 --diag_wrap=off --display_error_number --abi=eabi --preproc_with_compile --preproc_dependency="pcm.d_raw"  "../pcm.c"
 
>> Compilation failure
subdir_rules.mk:9: recipe for target 'pcm.obj' failed
"..\pcm.h", line 55: fatal error #1965: cannot open source file "msp.h"
1 catastrophic error detected in the compilation of "../pcm.c".
Compilation terminated.
gmake: *** [pcm.obj] Error 1
Building file: "../pmap.c"
Invoking: Arm Compiler
"C:/ti/ccs1110/ccs/tools/compiler/ti-cgt-arm_20.2.6.LTS/bin/armcl" -mv7M4 --code_state=16 --float_support=FPv4SPD16 -me --include_path="C:/ti/ccs1110/ccs/ccs_base/arm/include" --include_path="C:/ti/ccs1110/ccs/ccs_base/arm/include/CMSIS" --include_path="C:/Users/Student/workspace_v11/TakeFive(3)" --include_path="C:/ti/ccs1110/ccs/tools/compiler/ti-cgt-arm_20.2.6.LTS/include" --advice:power=all --define=ccs --define=__MSP432E401Y__ -g --gcc --diag_warning=225 --diag_wrap=off --display_error_number --abi=eabi --preproc_with_compile --preproc_dependency="pmap.d_raw"  "../pmap.c"
 
>> Compilation failure
subdir_rules.mk:9: recipe for target 'pmap.obj' failed
"..\pmap.h", line 54: fatal error #1965: cannot open source file "msp.h"
1 catastrophic error detected in the compilation of "../pmap.c".
Compilation terminated.
gmake: *** [pmap.obj] Error 1
Building file: "../pss.c"
Invoking: Arm Compiler
"C:/ti/ccs1110/ccs/tools/compiler/ti-cgt-arm_20.2.6.LTS/bin/armcl" -mv7M4 --code_state=16 --float_support=FPv4SPD16 -me --include_path="C:/ti/ccs1110/ccs/ccs_base/arm/include" --include_path="C:/ti/ccs1110/ccs/ccs_base/arm/include/CMSIS" --include_path="C:/Users/Student/workspace_v11/TakeFive(3)" --include_path="C:/ti/ccs1110/ccs/tools/compiler/ti-cgt-arm_20.2.6.LTS/include" --advice:power=all --define=ccs --define=__MSP432E401Y__ -g --gcc --diag_warning=225 --diag_wrap=off --display_error_number --abi=eabi --preproc_with_compile --preproc_dependency="pss.d_raw"  "../pss.c"
 
>> Compilation failure
subdir_rules.mk:9: recipe for target 'pss.obj' failed
"..\pss.h", line 54: fatal error #1965: cannot open source file "msp.h"
1 catastrophic error detected in the compilation of "../pss.c".
Compilation terminated.
gmake: *** [pss.obj] Error 1
Building file: "../ref_a.c"
Invoking: Arm Compiler
"C:/ti/ccs1110/ccs/tools/compiler/ti-cgt-arm_20.2.6.LTS/bin/armcl" -mv7M4 --code_state=16 --float_support=FPv4SPD16 -me --include_path="C:/ti/ccs1110/ccs/ccs_base/arm/include" --include_path="C:/ti/ccs1110/ccs/ccs_base/arm/include/CMSIS" --include_path="C:/Users/Student/workspace_v11/TakeFive(3)" --include_path="C:/ti/ccs1110/ccs/tools/compiler/ti-cgt-arm_20.2.6.LTS/include" --advice:power=all --define=ccs --define=__MSP432E401Y__ -g --gcc --diag_warning=225 --diag_wrap=off --display_error_number --abi=eabi --preproc_with_compile --preproc_dependency="ref_a.d_raw"  "../ref_a.c"
 
>> Compilation failure
subdir_rules.mk:9: recipe for target 'ref_a.obj' failed
"..\ref_a.h", line 42: fatal error #1965: cannot open source file "msp.h"
1 catastrophic error detected in the compilation of "../ref_a.c".
Compilation terminated.
gmake: *** [ref_a.obj] Error 1
Building file: "../reset.c"
Invoking: Arm Compiler
"C:/ti/ccs1110/ccs/tools/compiler/ti-cgt-arm_20.2.6.LTS/bin/armcl" -mv7M4 --code_state=16 --float_support=FPv4SPD16 -me --include_path="C:/ti/ccs1110/ccs/ccs_base/arm/include" --include_path="C:/ti/ccs1110/ccs/ccs_base/arm/include/CMSIS" --include_path="C:/Users/Student/workspace_v11/TakeFive(3)" --include_path="C:/ti/ccs1110/ccs/tools/compiler/ti-cgt-arm_20.2.6.LTS/include" --advice:power=all --define=ccs --define=__MSP432E401Y__ -g --gcc --diag_warning=225 --diag_wrap=off --display_error_number --abi=eabi --preproc_with_compile --preproc_dependency="reset.d_raw"  "../reset.c"
 
>> Compilation failure
subdir_rules.mk:9: recipe for target 'reset.obj' failed
"..\reset.h", line 53: fatal error #1965: cannot open source file "msp.h"
1 catastrophic error detected in the compilation of "../reset.c".
Compilation terminated.
gmake: *** [reset.obj] Error 1
Building file: "../rtc_c.c"
Invoking: Arm Compiler
"C:/ti/ccs1110/ccs/tools/compiler/ti-cgt-arm_20.2.6.LTS/bin/armcl" -mv7M4 --code_state=16 --float_support=FPv4SPD16 -me --include_path="C:/ti/ccs1110/ccs/ccs_base/arm/include" --include_path="C:/ti/ccs1110/ccs/ccs_base/arm/include/CMSIS" --include_path="C:/Users/Student/workspace_v11/TakeFive(3)" --include_path="C:/ti/ccs1110/ccs/tools/compiler/ti-cgt-arm_20.2.6.LTS/include" --advice:power=all --define=ccs --define=__MSP432E401Y__ -g --gcc --diag_warning=225 --diag_wrap=off --display_error_number --abi=eabi --preproc_with_compile --preproc_dependency="rtc_c.d_raw"  "../rtc_c.c"
 
>> Compilation failure
subdir_rules.mk:9: recipe for target 'rtc_c.obj' failed
"..\rtc_c.h", line 56: fatal error #1965: cannot open source file "msp.h"
1 catastrophic error detected in the compilation of "../rtc_c.c".
Compilation terminated.
gmake: *** [rtc_c.obj] Error 1
Building file: "../spi.c"
Invoking: Arm Compiler
"C:/ti/ccs1110/ccs/tools/compiler/ti-cgt-arm_20.2.6.LTS/bin/armcl" -mv7M4 --code_state=16 --float_support=FPv4SPD16 -me --include_path="C:/ti/ccs1110/ccs/ccs_base/arm/include" --include_path="C:/ti/ccs1110/ccs/ccs_base/arm/include/CMSIS" --include_path="C:/Users/Student/workspace_v11/TakeFive(3)" --include_path="C:/ti/ccs1110/ccs/tools/compiler/ti-cgt-arm_20.2.6.LTS/include" --advice:power=all --define=ccs --define=__MSP432E401Y__ -g --gcc --diag_warning=225 --diag_wrap=off --display_error_number --abi=eabi --preproc_with_compile --preproc_dependency="spi.d_raw"  "../spi.c"
 
>> Compilation failure
subdir_rules.mk:9: recipe for target 'spi.obj' failed
"..\spi.h", line 55: fatal error #1965: cannot open source file "msp.h"
1 catastrophic error detected in the compilation of "../spi.c".
Compilation terminated.
gmake: *** [spi.obj] Error 1
Building file: "../sysctl.c"
Invoking: Arm Compiler
"C:/ti/ccs1110/ccs/tools/compiler/ti-cgt-arm_20.2.6.LTS/bin/armcl" -mv7M4 --code_state=16 --float_support=FPv4SPD16 -me --include_path="C:/ti/ccs1110/ccs/ccs_base/arm/include" --include_path="C:/ti/ccs1110/ccs/ccs_base/arm/include/CMSIS" --include_path="C:/Users/Student/workspace_v11/TakeFive(3)" --include_path="C:/ti/ccs1110/ccs/tools/compiler/ti-cgt-arm_20.2.6.LTS/include" --advice:power=all --define=ccs --define=__MSP432E401Y__ -g --gcc --diag_warning=225 --diag_wrap=off --display_error_number --abi=eabi --preproc_with_compile --preproc_dependency="sysctl.d_raw"  "../sysctl.c"
 
>> Compilation failure
subdir_rules.mk:9: recipe for target 'sysctl.obj' failed
"..\sysctl.h", line 36: fatal error #1965: cannot open source file "msp.h"
1 catastrophic error detected in the compilation of "../sysctl.c".
Compilation terminated.
gmake: *** [sysctl.obj] Error 1
Building file: "../system_msp432p401r.c"
Invoking: Arm Compiler
"C:/ti/ccs1110/ccs/tools/compiler/ti-cgt-arm_20.2.6.LTS/bin/armcl" -mv7M4 --code_state=16 --float_support=FPv4SPD16 -me --include_path="C:/ti/ccs1110/ccs/ccs_base/arm/include" --include_path="C:/ti/ccs1110/ccs/ccs_base/arm/include/CMSIS" --include_path="C:/Users/Student/workspace_v11/TakeFive(3)" --include_path="C:/ti/ccs1110/ccs/tools/compiler/ti-cgt-arm_20.2.6.LTS/include" --advice:power=all --define=ccs --define=__MSP432E401Y__ -g --gcc --diag_warning=225 --diag_wrap=off --display_error_number --abi=eabi --preproc_with_compile --preproc_dependency="system_msp432p401r.d_raw"  "../system_msp432p401r.c"
 
>> Compilation failure
subdir_rules.mk:9: recipe for target 'system_msp432p401r.obj' failed
"../system_msp432p401r.c", line 46: fatal error #1965: cannot open source file "msp.h"
1 catastrophic error detected in the compilation of "../system_msp432p401r.c".
Compilation terminated.
gmake: *** [system_msp432p401r.obj] Error 1
Building file: "../systick.c"
Invoking: Arm Compiler
"C:/ti/ccs1110/ccs/tools/compiler/ti-cgt-arm_20.2.6.LTS/bin/armcl" -mv7M4 --code_state=16 --float_support=FPv4SPD16 -me --include_path="C:/ti/ccs1110/ccs/ccs_base/arm/include" --include_path="C:/ti/ccs1110/ccs/ccs_base/arm/include/CMSIS" --include_path="C:/Users/Student/workspace_v11/TakeFive(3)" --include_path="C:/ti/ccs1110/ccs/tools/compiler/ti-cgt-arm_20.2.6.LTS/include" --advice:power=all --define=ccs --define=__MSP432E401Y__ -g --gcc --diag_warning=225 --diag_wrap=off --display_error_number --abi=eabi --preproc_with_compile --preproc_dependency="systick.d_raw"  "../systick.c"
 
>> Compilation failure
subdir_rules.mk:9: recipe for target 'systick.obj' failed
"..\interrupt.h", line 56: fatal error #1965: cannot open source file "msp.h"
1 catastrophic error detected in the compilation of "../systick.c".
Compilation terminated.
gmake: *** [systick.obj] Error 1
Building file: "../timer32.c"
Invoking: Arm Compiler
"C:/ti/ccs1110/ccs/tools/compiler/ti-cgt-arm_20.2.6.LTS/bin/armcl" -mv7M4 --code_state=16 --float_support=FPv4SPD16 -me --include_path="C:/ti/ccs1110/ccs/ccs_base/arm/include" --include_path="C:/ti/ccs1110/ccs/ccs_base/arm/include/CMSIS" --include_path="C:/Users/Student/workspace_v11/TakeFive(3)" --include_path="C:/ti/ccs1110/ccs/tools/compiler/ti-cgt-arm_20.2.6.LTS/include" --advice:power=all --define=ccs --define=__MSP432E401Y__ -g --gcc --diag_warning=225 --diag_wrap=off --display_error_number --abi=eabi --preproc_with_compile --preproc_dependency="timer32.d_raw"  "../timer32.c"
 
>> Compilation failure
subdir_rules.mk:9: recipe for target 'timer32.obj' failed
"..\timer32.h", line 54: fatal error #1965: cannot open source file "msp.h"
1 catastrophic error detected in the compilation of "../timer32.c".
Compilation terminated.
gmake: *** [timer32.obj] Error 1
Building file: "../timer_a.c"
Invoking: Arm Compiler
"C:/ti/ccs1110/ccs/tools/compiler/ti-cgt-arm_20.2.6.LTS/bin/armcl" -mv7M4 --code_state=16 --float_support=FPv4SPD16 -me --include_path="C:/ti/ccs1110/ccs/ccs_base/arm/include" --include_path="C:/ti/ccs1110/ccs/ccs_base/arm/include/CMSIS" --include_path="C:/Users/Student/workspace_v11/TakeFive(3)" --include_path="C:/ti/ccs1110/ccs/tools/compiler/ti-cgt-arm_20.2.6.LTS/include" --advice:power=all --define=ccs --define=__MSP432E401Y__ -g --gcc --diag_warning=225 --diag_wrap=off --display_error_number --abi=eabi --preproc_with_compile --preproc_dependency="timer_a.d_raw"  "../timer_a.c"
 
>> Compilation failure
subdir_rules.mk:9: recipe for target 'timer_a.obj' failed
"..\timer_a.h", line 53: fatal error #1965: cannot open source file "msp.h"
1 catastrophic error detected in the compilation of "../timer_a.c".
Compilation terminated.
gmake: *** [timer_a.obj] Error 1
Building file: "../uart.c"
Invoking: Arm Compiler
"C:/ti/ccs1110/ccs/tools/compiler/ti-cgt-arm_20.2.6.LTS/bin/armcl" -mv7M4 --code_state=16 --float_support=FPv4SPD16 -me --include_path="C:/ti/ccs1110/ccs/ccs_base/arm/include" --include_path="C:/ti/ccs1110/ccs/ccs_base/arm/include/CMSIS" --include_path="C:/Users/Student/workspace_v11/TakeFive(3)" --include_path="C:/ti/ccs1110/ccs/tools/compiler/ti-cgt-arm_20.2.6.LTS/include" --advice:power=all --define=ccs --define=__MSP432E401Y__ -g --gcc --diag_warning=225 --diag_wrap=off --display_error_number --abi=eabi --preproc_with_compile --preproc_dependency="uart.d_raw"  "../uart.c"
 
>> Compilation failure
subdir_rules.mk:9: recipe for target 'uart.obj' failed
"..\uart.h", line 56: fatal error #1965: cannot open source file "msp.h"
1 catastrophic error detected in the compilation of "../uart.c".
Compilation terminated.
gmake: *** [uart.obj] Error 1
Building file: "../wdt_a.c"
Invoking: Arm Compiler
"C:/ti/ccs1110/ccs/tools/compiler/ti-cgt-arm_20.2.6.LTS/bin/armcl" -mv7M4 --code_state=16 --float_support=FPv4SPD16 -me --include_path="C:/ti/ccs1110/ccs/ccs_base/arm/include" --include_path="C:/ti/ccs1110/ccs/ccs_base/arm/include/CMSIS" --include_path="C:/Users/Student/workspace_v11/TakeFive(3)" --include_path="C:/ti/ccs1110/ccs/tools/compiler/ti-cgt-arm_20.2.6.LTS/include" --advice:power=all --define=ccs --define=__MSP432E401Y__ -g --gcc --diag_warning=225 --diag_wrap=off --display_error_number --abi=eabi --preproc_with_compile --preproc_dependency="wdt_a.d_raw"  "../wdt_a.c"
 
>> Compilation failure
subdir_rules.mk:9: recipe for target 'wdt_a.obj' failed
"..\wdt_a.h", line 54: fatal error #1965: cannot open source file "msp.h"
1 catastrophic error detected in the compilation of "../wdt_a.c".
Compilation terminated.
gmake: *** [wdt_a.obj] Error 1
Building file: "../main.c"
Invoking: Arm Compiler
"C:/ti/ccs1110/ccs/tools/compiler/ti-cgt-arm_20.2.6.LTS/bin/armcl" -mv7M4 --code_state=16 --float_support=FPv4SPD16 -me --include_path="C:/ti/ccs1110/ccs/ccs_base/arm/include" --include_path="C:/ti/ccs1110/ccs/ccs_base/arm/include/CMSIS" --include_path="C:/Users/Student/workspace_v11/TakeFive(3)" --include_path="C:/ti/ccs1110/ccs/tools/compiler/ti-cgt-arm_20.2.6.LTS/include" --advice:power=all --define=ccs --define=__MSP432E401Y__ -g --gcc --diag_warning=225 --diag_wrap=off --display_error_number --abi=eabi --preproc_with_compile --preproc_dependency="main.d_raw"  "../main.c"
"../main.c", line 48: remark #1527-D: (ULP 2.1) Detected SW delay loop using empty loop. Recommend using a timer module instead
Finished building: "../main.c"
 
Building file: "../startup_msp432p401r_ccs.c"
Invoking: Arm Compiler
"C:/ti/ccs1110/ccs/tools/compiler/ti-cgt-arm_20.2.6.LTS/bin/armcl" -mv7M4 --code_state=16 --float_support=FPv4SPD16 -me --include_path="C:/ti/ccs1110/ccs/ccs_base/arm/include" --include_path="C:/ti/ccs1110/ccs/ccs_base/arm/include/CMSIS" --include_path="C:/Users/Student/workspace_v11/TakeFive(3)" --include_path="C:/ti/ccs1110/ccs/tools/compiler/ti-cgt-arm_20.2.6.LTS/include" --advice:power=all --define=ccs --define=__MSP432E401Y__ -g --gcc --diag_warning=225 --diag_wrap=off --display_error_number --abi=eabi --preproc_with_compile --preproc_dependency="startup_msp432p401r_ccs.d_raw"  "../startup_msp432p401r_ccs.c"
Finished building: "../startup_msp432p401r_ccs.c"
 
gmake: Target 'all' not remade because of errors.

**** Build Finished ****
